#
# There is insufficient memory for the Java Runtime Environment to continue.
# Native memory allocation (malloc) failed to allocate 32744 bytes for Chunk::new
# Possible reasons:
#   The system is out of physical RAM or swap space
#   The process is running with CompressedOops enabled, and the Java Heap may be blocking the growth of the native heap
# Possible solutions:
#   Reduce memory load on the system
#   Increase physical memory or swap space
#   Check if swap backing store is full
#   Decrease Java heap size (-Xmx/-Xms)
#   Decrease number of Java threads
#   Decrease Java thread stack sizes (-Xss)
#   Set larger code cache with -XX:ReservedCodeCacheSize=
#   JVM is running with Zero Based Compressed Oops mode in which the Java heap is
#     placed in the first 32GB address space. The Java Heap base address is the
#     maximum limit for the native heap growth. Please use -XX:HeapBaseMinAddress
#     to set the Java Heap base and to place the Java Heap above 32GB virtual address.
# This output file may be truncated or incomplete.
#
#  Out of Memory Error (arena.cpp:168), pid=46496, tid=46556
#
# JRE version: Java(TM) SE Runtime Environment (21.0.2+13) (build 21.0.2+13-LTS-58)
# Java VM: Java HotSpot(TM) 64-Bit Server VM (21.0.2+13-LTS-58, mixed mode, sharing, tiered, compressed oops, compressed class ptrs, g1 gc, windows-amd64)
# No core dump will be written. Minidumps are not enabled by default on client versions of Windows
#

---------------  S U M M A R Y ------------

Command Line: -XX:+ShowCodeDetailsInExceptionMessages com.miumg.fmontiel.eventos.eventos.EventosApplication

Host: 12th Gen Intel(R) Core(TM) i7-12700K, 20 cores, 31G,  Windows 11 , 64 bit Build 22621 (10.0.22621.3958)
Time: Tue Oct 29 11:54:23 2024 Hora estándar central (México) elapsed time: 16009.772365 seconds (0d 4h 26m 49s)

---------------  T H R E A D  ---------------

Current thread (0x0000023be30386d0):  JavaThread "C2 CompilerThread0" daemon [_thread_in_native, id=46556, stack(0x0000007996700000,0x0000007996800000) (1024K)]


Current CompileTask:
C2:16009772 7173   !   4       com.sun.crypto.provider.GaloisCounterMode$GCMDecrypt::doFinal (628 bytes)

Stack: [0x0000007996700000,0x0000007996800000]
Native frames: (J=compiled Java code, j=interpreted, Vv=VM code, C=native code)
V  [jvm.dll+0x6cade9]
V  [jvm.dll+0x8569c1]
V  [jvm.dll+0x858d2e]
V  [jvm.dll+0x859413]
V  [jvm.dll+0x280e56]
V  [jvm.dll+0xc3f3d]
V  [jvm.dll+0xc4473]
V  [jvm.dll+0xc4065]
V  [jvm.dll+0x6a79c7]
V  [jvm.dll+0x6a6388]
V  [jvm.dll+0x66c08b]
V  [jvm.dll+0x303745]
V  [jvm.dll+0x2fee5b]
V  [jvm.dll+0x2ff4ca]
V  [jvm.dll+0x24b2ff]
V  [jvm.dll+0x2490a3]
V  [jvm.dll+0x1c9634]
V  [jvm.dll+0x258859]
V  [jvm.dll+0x256e3a]
V  [jvm.dll+0x3ef6c6]
V  [jvm.dll+0x7ff568]
V  [jvm.dll+0x6c953d]
C  [ucrtbase.dll+0x29333]
C  [KERNEL32.DLL+0x1257d]
C  [ntdll.dll+0x5af08]


---------------  P R O C E S S  ---------------

Threads class SMR info:
_java_thread_list=0x0000023bed059270, length=30, elements={
0x0000023be30303a0, 0x0000023be30310c0, 0x0000023be3032c90, 0x0000023be30336f0,
0x0000023be30344b0, 0x0000023be3035520, 0x0000023be30386d0, 0x0000023be30422c0,
0x0000023be3254b60, 0x0000023be326abe0, 0x0000023bea919260, 0x0000023bea999750,
0x0000023bec4d7790, 0x0000023be9f95c30, 0x0000023be9f97d00, 0x0000023be9f94f10,
0x0000023be9f962c0, 0x0000023be9f96950, 0x0000023be9f97670, 0x0000023be9f955a0,
0x0000023bece151a0, 0x0000023bece15830, 0x0000023bece15ec0, 0x0000023bece16550,
0x0000023bece16be0, 0x0000023bece13760, 0x0000023bece13df0, 0x0000023bece14480,
0x0000023be8a699b0, 0x0000023be8a6ad60
}

Java Threads: ( => current thread )
  0x0000023be30303a0 JavaThread "Reference Handler"          daemon [_thread_blocked, id=27336, stack(0x0000007996100000,0x0000007996200000) (1024K)]
  0x0000023be30310c0 JavaThread "Finalizer"                  daemon [_thread_blocked, id=17196, stack(0x0000007996200000,0x0000007996300000) (1024K)]
  0x0000023be3032c90 JavaThread "Signal Dispatcher"          daemon [_thread_blocked, id=4636, stack(0x0000007996300000,0x0000007996400000) (1024K)]
  0x0000023be30336f0 JavaThread "Attach Listener"            daemon [_thread_blocked, id=29496, stack(0x0000007996400000,0x0000007996500000) (1024K)]
  0x0000023be30344b0 JavaThread "Service Thread"             daemon [_thread_blocked, id=46304, stack(0x0000007996500000,0x0000007996600000) (1024K)]
  0x0000023be3035520 JavaThread "Monitor Deflation Thread"   daemon [_thread_blocked, id=43624, stack(0x0000007996600000,0x0000007996700000) (1024K)]
=>0x0000023be30386d0 JavaThread "C2 CompilerThread0"         daemon [_thread_in_native, id=46556, stack(0x0000007996700000,0x0000007996800000) (1024K)]
  0x0000023be30422c0 JavaThread "C1 CompilerThread0"         daemon [_thread_blocked, id=17148, stack(0x0000007996800000,0x0000007996900000) (1024K)]
  0x0000023be3254b60 JavaThread "Notification Thread"        daemon [_thread_blocked, id=27260, stack(0x0000007996b00000,0x0000007996c00000) (1024K)]
  0x0000023be326abe0 JavaThread "Common-Cleaner"             daemon [_thread_blocked, id=30392, stack(0x0000007996c00000,0x0000007996d00000) (1024K)]
  0x0000023bea919260 JavaThread "Catalina-utility-1"                [_thread_blocked, id=29780, stack(0x0000007998400000,0x0000007998500000) (1024K)]
  0x0000023bea999750 JavaThread "Catalina-utility-2"                [_thread_blocked, id=9748, stack(0x0000007998500000,0x0000007998600000) (1024K)]
  0x0000023bec4d7790 JavaThread "container-0"                       [_thread_blocked, id=37140, stack(0x0000007998600000,0x0000007998700000) (1024K)]
  0x0000023be9f95c30 JavaThread "mysql-cj-abandoned-connection-cleanup" daemon [_thread_blocked, id=45044, stack(0x0000007998700000,0x0000007998800000) (1024K)]
  0x0000023be9f97d00 JavaThread "HikariPool-1 housekeeper"   daemon [_thread_blocked, id=42444, stack(0x0000007996d00000,0x0000007996e00000) (1024K)]
  0x0000023be9f94f10 JavaThread "http-nio-8080-exec-1"       daemon [_thread_blocked, id=13716, stack(0x0000007998900000,0x0000007998a00000) (1024K)]
  0x0000023be9f962c0 JavaThread "http-nio-8080-exec-2"       daemon [_thread_blocked, id=8220, stack(0x0000007998a00000,0x0000007998b00000) (1024K)]
  0x0000023be9f96950 JavaThread "http-nio-8080-exec-3"       daemon [_thread_blocked, id=17716, stack(0x0000007998b00000,0x0000007998c00000) (1024K)]
  0x0000023be9f97670 JavaThread "http-nio-8080-exec-4"       daemon [_thread_blocked, id=19080, stack(0x0000007998c00000,0x0000007998d00000) (1024K)]
  0x0000023be9f955a0 JavaThread "http-nio-8080-exec-5"       daemon [_thread_blocked, id=46920, stack(0x0000007998d00000,0x0000007998e00000) (1024K)]
  0x0000023bece151a0 JavaThread "http-nio-8080-exec-6"       daemon [_thread_blocked, id=43560, stack(0x0000007998e00000,0x0000007998f00000) (1024K)]
  0x0000023bece15830 JavaThread "http-nio-8080-exec-7"       daemon [_thread_blocked, id=25236, stack(0x0000007998f00000,0x0000007999000000) (1024K)]
  0x0000023bece15ec0 JavaThread "http-nio-8080-exec-8"       daemon [_thread_blocked, id=14884, stack(0x0000007999000000,0x0000007999100000) (1024K)]
  0x0000023bece16550 JavaThread "http-nio-8080-exec-9"       daemon [_thread_blocked, id=22432, stack(0x0000007999100000,0x0000007999200000) (1024K)]
  0x0000023bece16be0 JavaThread "http-nio-8080-exec-10"      daemon [_thread_blocked, id=13864, stack(0x0000007999200000,0x0000007999300000) (1024K)]
  0x0000023bece13760 JavaThread "http-nio-8080-Poller"       daemon [_thread_in_native, id=42292, stack(0x0000007999300000,0x0000007999400000) (1024K)]
  0x0000023bece13df0 JavaThread "http-nio-8080-Acceptor"     daemon [_thread_in_native, id=37716, stack(0x0000007999400000,0x0000007999500000) (1024K)]
  0x0000023bece14480 JavaThread "DestroyJavaVM"                     [_thread_blocked, id=38344, stack(0x0000007995900000,0x0000007995a00000) (1024K)]
  0x0000023be8a699b0 JavaThread "HikariPool-1 connection closer" daemon [_thread_blocked, id=34516, stack(0x0000007995600000,0x0000007995700000) (1024K)]
  0x0000023be8a6ad60 JavaThread "HikariPool-1 connection adder" daemon [_thread_in_native, id=44900, stack(0x0000007995700000,0x0000007995800000) (1024K)]
Total: 30

Other Threads:
  0x0000023be3012fd0 VMThread "VM Thread"                           [id=23728, stack(0x0000007996000000,0x0000007996100000) (1024K)]
  0x0000023bffa472d0 WatcherThread "VM Periodic Task Thread"        [id=35372, stack(0x0000007995f00000,0x0000007996000000) (1024K)]
  0x0000023bfcc9e960 WorkerThread "GC Thread#0"                     [id=39912, stack(0x0000007995a00000,0x0000007995b00000) (1024K)]
  0x0000023be8231350 WorkerThread "GC Thread#1"                     [id=45148, stack(0x0000007997000000,0x0000007997100000) (1024K)]
  0x0000023be8256a60 WorkerThread "GC Thread#2"                     [id=13960, stack(0x0000007997100000,0x0000007997200000) (1024K)]
  0x0000023be825f230 WorkerThread "GC Thread#3"                     [id=21616, stack(0x0000007997200000,0x0000007997300000) (1024K)]
  0x0000023be8267e00 WorkerThread "GC Thread#4"                     [id=13504, stack(0x0000007997300000,0x0000007997400000) (1024K)]
  0x0000023be82687b0 WorkerThread "GC Thread#5"                     [id=25716, stack(0x0000007997400000,0x0000007997500000) (1024K)]
  0x0000023be8203e30 WorkerThread "GC Thread#6"                     [id=46248, stack(0x0000007997500000,0x0000007997600000) (1024K)]
  0x0000023be8202fb0 WorkerThread "GC Thread#7"                     [id=28212, stack(0x0000007997600000,0x0000007997700000) (1024K)]
  0x0000023be8204570 WorkerThread "GC Thread#8"                     [id=28188, stack(0x0000007997700000,0x0000007997800000) (1024K)]
  0x0000023be82041d0 WorkerThread "GC Thread#9"                     [id=31156, stack(0x0000007997800000,0x0000007997900000) (1024K)]
  0x0000023be8203350 WorkerThread "GC Thread#10"                    [id=39368, stack(0x0000007997900000,0x0000007997a00000) (1024K)]
  0x0000023be82036f0 WorkerThread "GC Thread#11"                    [id=25840, stack(0x0000007997a00000,0x0000007997b00000) (1024K)]
  0x0000023be9e89280 WorkerThread "GC Thread#12"                    [id=7908, stack(0x0000007997b00000,0x0000007997c00000) (1024K)]
  0x0000023be9e89d60 WorkerThread "GC Thread#13"                    [id=12220, stack(0x0000007997c00000,0x0000007997d00000) (1024K)]
  0x0000023be9e88b40 WorkerThread "GC Thread#14"                    [id=26604, stack(0x0000007997d00000,0x0000007997e00000) (1024K)]
  0x0000023bff854030 ConcurrentGCThread "G1 Main Marker"            [id=28452, stack(0x0000007995b00000,0x0000007995c00000) (1024K)]
  0x0000023bff854b30 WorkerThread "G1 Conc#0"                       [id=11088, stack(0x0000007995c00000,0x0000007995d00000) (1024K)]
  0x0000023be9e87920 WorkerThread "G1 Conc#1"                       [id=32544, stack(0x0000007997e00000,0x0000007997f00000) (1024K)]
  0x0000023be9e87580 WorkerThread "G1 Conc#2"                       [id=44360, stack(0x0000007997f00000,0x0000007998000000) (1024K)]
  0x0000023be9e88060 WorkerThread "G1 Conc#3"                       [id=22664, stack(0x0000007998000000,0x0000007998100000) (1024K)]
  0x0000023bff904070 ConcurrentGCThread "G1 Refine#0"               [id=27304, stack(0x0000007995d00000,0x0000007995e00000) (1024K)]
  0x0000023bff905040 ConcurrentGCThread "G1 Service"                [id=40764, stack(0x0000007995e00000,0x0000007995f00000) (1024K)]
Total: 24

Threads with active compile tasks:
C2 CompilerThread0  16009790 7173   !   4       com.sun.crypto.provider.GaloisCounterMode$GCMDecrypt::doFinal (628 bytes)
Total: 1

VM state: not at safepoint (normal execution)

VM Mutex/Monitor currently owned by a thread: None

Heap address: 0x0000000602c00000, size: 8148 MB, Compressed Oops mode: Zero based, Oop shift amount: 3

CDS archive(s) mapped at: [0x0000023ba2000000-0x0000023ba2c90000-0x0000023ba2c90000), size 13172736, SharedBaseAddress: 0x0000023ba2000000, ArchiveRelocationMode: 1.
Compressed class space mapped at: 0x0000023ba3000000-0x0000023be3000000, reserved size: 1073741824
Narrow klass base: 0x0000023ba2000000, Narrow klass shift: 0, Narrow klass range: 0x100000000

GC Precious Log:
 CardTable entry size: 512
 Card Set container configuration: InlinePtr #cards 4 size 8 Array Of Cards #cards 32 size 80 Howl #buckets 8 coarsen threshold 7372 Howl Bitmap #cards 1024 size 144 coarsen threshold 921 Card regions per heap region 1 cards per card region 8192
 CPUs: 20 total, 20 available
 Memory: 32577M
 Large Page Support: Disabled
 NUMA Support: Disabled
 Compressed Oops: Enabled (Zero based)
 Heap Region Size: 4M
 Heap Min Capacity: 8M
 Heap Initial Capacity: 512M
 Heap Max Capacity: 8148M
 Pre-touch: Disabled
 Parallel Workers: 15
 Concurrent Workers: 4
 Concurrent Refinement Workers: 15
 Periodic GC: Disabled

Heap:
 garbage-first heap   total 122880K, used 48993K [0x0000000602c00000, 0x0000000800000000)
  region size 4096K, 9 young (36864K), 3 survivors (12288K)
 Metaspace       used 65010K, committed 65664K, reserved 1114112K
  class space    used 8603K, committed 8896K, reserved 1048576K

Heap Regions: E=young(eden), S=young(survivor), O=old, HS=humongous(starts), HC=humongous(continues), CS=collection set, F=free, TAMS=top-at-mark-start, PB=parsable bottom
|   0|0x0000000602c00000, 0x0000000603000000, 0x0000000603000000|100%| O|  |TAMS 0x0000000602c00000| PB 0x0000000602c00000| Untracked 
|   1|0x0000000603000000, 0x0000000603000000, 0x0000000603400000|  0%| F|  |TAMS 0x0000000603000000| PB 0x0000000603000000| Untracked 
|   2|0x0000000603400000, 0x0000000603800000, 0x0000000603800000|100%| O|  |TAMS 0x0000000603400000| PB 0x0000000603400000| Untracked 
|   3|0x0000000603800000, 0x0000000603c00000, 0x0000000603c00000|100%| O|  |TAMS 0x0000000603800000| PB 0x0000000603800000| Untracked 
|   4|0x0000000603c00000, 0x0000000604000000, 0x0000000604000000|100%| O|  |TAMS 0x0000000603c00000| PB 0x0000000603c00000| Untracked 
|   5|0x0000000604000000, 0x0000000604043948, 0x0000000604400000|  6%| O|Cm|TAMS 0x0000000604000000| PB 0x0000000604000000| Complete 
|   6|0x0000000604400000, 0x0000000604400000, 0x0000000604800000|  0%| F|  |TAMS 0x0000000604400000| PB 0x0000000604400000| Untracked 
|   7|0x0000000604800000, 0x0000000604800000, 0x0000000604c00000|  0%| F|  |TAMS 0x0000000604800000| PB 0x0000000604800000| Untracked 
|   8|0x0000000604c00000, 0x0000000604c00000, 0x0000000605000000|  0%| F|  |TAMS 0x0000000604c00000| PB 0x0000000604c00000| Untracked 
|   9|0x0000000605000000, 0x0000000605000000, 0x0000000605400000|  0%| F|  |TAMS 0x0000000605000000| PB 0x0000000605000000| Untracked 
|  10|0x0000000605400000, 0x0000000605400000, 0x0000000605800000|  0%| F|  |TAMS 0x0000000605400000| PB 0x0000000605400000| Untracked 
|  11|0x0000000605800000, 0x0000000605800000, 0x0000000605c00000|  0%| F|  |TAMS 0x0000000605800000| PB 0x0000000605800000| Untracked 
|  12|0x0000000605c00000, 0x0000000605c00000, 0x0000000606000000|  0%| F|  |TAMS 0x0000000605c00000| PB 0x0000000605c00000| Untracked 
|  13|0x0000000606000000, 0x0000000606000000, 0x0000000606400000|  0%| F|  |TAMS 0x0000000606000000| PB 0x0000000606000000| Untracked 
|  14|0x0000000606400000, 0x0000000606400000, 0x0000000606800000|  0%| F|  |TAMS 0x0000000606400000| PB 0x0000000606400000| Untracked 
|  15|0x0000000606800000, 0x0000000606800000, 0x0000000606c00000|  0%| F|  |TAMS 0x0000000606800000| PB 0x0000000606800000| Untracked 
|  16|0x0000000606c00000, 0x0000000606c00000, 0x0000000607000000|  0%| F|  |TAMS 0x0000000606c00000| PB 0x0000000606c00000| Untracked 
|  17|0x0000000607000000, 0x0000000607000000, 0x0000000607400000|  0%| F|  |TAMS 0x0000000607000000| PB 0x0000000607000000| Untracked 
|  18|0x0000000607400000, 0x0000000607400000, 0x0000000607800000|  0%| F|  |TAMS 0x0000000607400000| PB 0x0000000607400000| Untracked 
|  19|0x0000000607800000, 0x0000000607800000, 0x0000000607c00000|  0%| F|  |TAMS 0x0000000607800000| PB 0x0000000607800000| Untracked 
|  20|0x0000000607c00000, 0x0000000607c00000, 0x0000000608000000|  0%| F|  |TAMS 0x0000000607c00000| PB 0x0000000607c00000| Untracked 
|  21|0x0000000608000000, 0x00000006083cae40, 0x0000000608400000| 94%| E|  |TAMS 0x0000000608000000| PB 0x0000000608000000| Complete 
|  22|0x0000000608400000, 0x0000000608800000, 0x0000000608800000|100%| E|CS|TAMS 0x0000000608400000| PB 0x0000000608400000| Complete 
|  23|0x0000000608800000, 0x0000000608c00000, 0x0000000608c00000|100%| E|CS|TAMS 0x0000000608800000| PB 0x0000000608800000| Complete 
|  24|0x0000000608c00000, 0x0000000609000000, 0x0000000609000000|100%| S|CS|TAMS 0x0000000608c00000| PB 0x0000000608c00000| Complete 
|  25|0x0000000609000000, 0x0000000609400000, 0x0000000609400000|100%| S|CS|TAMS 0x0000000609000000| PB 0x0000000609000000| Complete 
|  26|0x0000000609400000, 0x0000000609794e98, 0x0000000609800000| 89%| S|CS|TAMS 0x0000000609400000| PB 0x0000000609400000| Complete 
|  64|0x0000000612c00000, 0x0000000613000000, 0x0000000613000000|100%| E|CS|TAMS 0x0000000612c00000| PB 0x0000000612c00000| Complete 
|  65|0x0000000613000000, 0x0000000613400000, 0x0000000613400000|100%| E|CS|TAMS 0x0000000613000000| PB 0x0000000613000000| Complete 
| 127|0x0000000622800000, 0x0000000622c00000, 0x0000000622c00000|100%| E|CS|TAMS 0x0000000622800000| PB 0x0000000622800000| Complete 

Card table byte_map: [0x0000023bfe750000,0x0000023bff740000] _byte_map_base: 0x0000023bfb73a000

Marking Bits: (CMBitMap*) 0x0000023bfcc9f060
 Bits: [0x0000023b973a0000, 0x0000023b9f2f0000)

Polling page: 0x0000023bfa850000

Metaspace:

Usage:
  Non-class:     55.08 MB used.
      Class:      8.40 MB used.
       Both:     63.49 MB used.

Virtual space:
  Non-class space:       64.00 MB reserved,      55.44 MB ( 87%) committed,  1 nodes.
      Class space:        1.00 GB reserved,       8.69 MB ( <1%) committed,  1 nodes.
             Both:        1.06 GB reserved,      64.12 MB (  6%) committed. 

Chunk freelists:
   Non-Class:  8.28 MB
       Class:  7.20 MB
        Both:  15.48 MB

MaxMetaspaceSize: unlimited
CompressedClassSpaceSize: 1.00 GB
Initial GC threshold: 21.00 MB
Current GC threshold: 99.00 MB
CDS: on
 - commit_granule_bytes: 65536.
 - commit_granule_words: 8192.
 - virtual_space_node_default_size: 8388608.
 - enlarge_chunks_in_place: 1.
 - use_allocation_guard: 0.


Internal statistics:

num_allocs_failed_limit: 12.
num_arena_births: 880.
num_arena_deaths: 0.
num_vsnodes_births: 2.
num_vsnodes_deaths: 0.
num_space_committed: 1026.
num_space_uncommitted: 0.
num_chunks_returned_to_freelist: 12.
num_chunks_taken_from_freelist: 3121.
num_chunk_merges: 12.
num_chunk_splits: 2216.
num_chunks_enlarged: 1719.
num_inconsistent_stats: 0.

CodeHeap 'non-profiled nmethods': size=119168Kb used=4657Kb max_used=4657Kb free=114510Kb
 bounds [0x0000023b8ff40000, 0x0000023b903d0000, 0x0000023b973a0000]
CodeHeap 'profiled nmethods': size=119104Kb used=12715Kb max_used=12715Kb free=106388Kb
 bounds [0x0000023b883a0000, 0x0000023b89010000, 0x0000023b8f7f0000]
CodeHeap 'non-nmethods': size=7488Kb used=1683Kb max_used=3388Kb free=5804Kb
 bounds [0x0000023b8f7f0000, 0x0000023b8fbc0000, 0x0000023b8ff40000]
 total_blobs=7162 nmethods=6447 adapters=619
 compilation: enabled
              stopped_count=0, restarted_count=0
 full_count=0

Compilation events (20 events):
Event: 16009.611 Thread 0x0000023be30422c0 7168       3       javax.crypto.spec.IvParameterSpec::<init> (83 bytes)
Event: 16009.612 Thread 0x0000023be30422c0 nmethod 7168 0x0000023b89005f90 code [0x0000023b890061c0, 0x0000023b89006900]
Event: 16009.612 Thread 0x0000023be30422c0 7169       3       sun.security.ssl.Authenticator::valueOf (72 bytes)
Event: 16009.612 Thread 0x0000023be30386d0 nmethod 7167 0x0000023b903cc190 code [0x0000023b903cc320, 0x0000023b903cc4d0]
Event: 16009.612 Thread 0x0000023be30422c0 nmethod 7169 0x0000023b89006b90 code [0x0000023b89006e20, 0x0000023b89007720]
Event: 16009.612 Thread 0x0000023be30422c0 7170       3       sun.security.ssl.Authenticator$TLS13Authenticator::<init> (35 bytes)
Event: 16009.612 Thread 0x0000023be30422c0 nmethod 7170 0x0000023b89007a10 code [0x0000023b89007bc0, 0x0000023b89007f08]
Event: 16009.612 Thread 0x0000023be30422c0 7171       3       javax.crypto.spec.IvParameterSpec::getIV (11 bytes)
Event: 16009.612 Thread 0x0000023be30422c0 nmethod 7171 0x0000023b89008090 code [0x0000023b89008240, 0x0000023b89008510]
Event: 16009.612 Thread 0x0000023be30422c0 7172       3       sun.security.ssl.SSLSecretDerivation::<init> (39 bytes)
Event: 16009.612 Thread 0x0000023be30422c0 nmethod 7172 0x0000023b89008610 code [0x0000023b89008800, 0x0000023b89008c40]
Event: 16009.754 Thread 0x0000023be30386d0 7173   !   4       com.sun.crypto.provider.GaloisCounterMode$GCMDecrypt::doFinal (628 bytes)
Event: 16009.754 Thread 0x0000023be30422c0 7174       3       sun.security.ssl.SessionId::<init> (38 bytes)
Event: 16009.754 Thread 0x0000023be30422c0 nmethod 7174 0x0000023b89008e10 code [0x0000023b89009000, 0x0000023b890095d8]
Event: 16009.754 Thread 0x0000023be30422c0 7175       3       sun.security.ssl.RandomCookie::<init> (21 bytes)
Event: 16009.754 Thread 0x0000023be30422c0 nmethod 7175 0x0000023b89009790 code [0x0000023b89009940, 0x0000023b89009c08]
Event: 16009.754 Thread 0x0000023be30422c0 7176       3       javax.net.ssl.ExtendedSSLSession::<init> (5 bytes)
Event: 16009.754 Thread 0x0000023be30422c0 nmethod 7176 0x0000023b89009d10 code [0x0000023b89009ec0, 0x0000023b8900a028]
Event: 16009.754 Thread 0x0000023be30422c0 7177       3       sun.security.ssl.SSLSessionContextImpl::getKey (30 bytes)
Event: 16009.755 Thread 0x0000023be30422c0 nmethod 7177 0x0000023b8900a110 code [0x0000023b8900a380, 0x0000023b8900ab08]

GC Heap History (18 events):
Event: 0.282 GC heap before
{Heap before GC invocations=0 (full 0):
 garbage-first heap   total 524288K, used 20480K [0x0000000602c00000, 0x0000000800000000)
  region size 4096K, 6 young (24576K), 0 survivors (0K)
 Metaspace       used 6294K, committed 6528K, reserved 1114112K
  class space    used 727K, committed 832K, reserved 1048576K
}
Event: 0.284 GC heap after
{Heap after GC invocations=1 (full 0):
 garbage-first heap   total 524288K, used 6472K [0x0000000602c00000, 0x0000000800000000)
  region size 4096K, 1 young (4096K), 1 survivors (4096K)
 Metaspace       used 6294K, committed 6528K, reserved 1114112K
  class space    used 727K, committed 832K, reserved 1048576K
}
Event: 0.426 GC heap before
{Heap before GC invocations=1 (full 0):
 garbage-first heap   total 524288K, used 26952K [0x0000000602c00000, 0x0000000800000000)
  region size 4096K, 6 young (24576K), 1 survivors (4096K)
 Metaspace       used 11559K, committed 11840K, reserved 1114112K
  class space    used 1360K, committed 1472K, reserved 1048576K
}
Event: 0.428 GC heap after
{Heap after GC invocations=2 (full 0):
 garbage-first heap   total 524288K, used 8516K [0x0000000602c00000, 0x0000000800000000)
  region size 4096K, 1 young (4096K), 1 survivors (4096K)
 Metaspace       used 11559K, committed 11840K, reserved 1114112K
  class space    used 1360K, committed 1472K, reserved 1048576K
}
Event: 0.830 GC heap before
{Heap before GC invocations=2 (full 0):
 garbage-first heap   total 524288K, used 57668K [0x0000000602c00000, 0x0000000800000000)
  region size 4096K, 14 young (57344K), 1 survivors (4096K)
 Metaspace       used 21211K, committed 21504K, reserved 1114112K
  class space    used 2568K, committed 2688K, reserved 1048576K
}
Event: 0.832 GC heap after
{Heap after GC invocations=3 (full 0):
 garbage-first heap   total 524288K, used 12903K [0x0000000602c00000, 0x0000000800000000)
  region size 4096K, 2 young (8192K), 2 survivors (8192K)
 Metaspace       used 21211K, committed 21504K, reserved 1114112K
  class space    used 2568K, committed 2688K, reserved 1048576K
}
Event: 1.419 GC heap before
{Heap before GC invocations=4 (full 0):
 garbage-first heap   total 69632K, used 66151K [0x0000000602c00000, 0x0000000800000000)
  region size 4096K, 15 young (61440K), 2 survivors (8192K)
 Metaspace       used 31376K, committed 31872K, reserved 1114112K
  class space    used 3980K, committed 4224K, reserved 1048576K
}
Event: 1.423 GC heap after
{Heap after GC invocations=5 (full 0):
 garbage-first heap   total 81920K, used 17332K [0x0000000602c00000, 0x0000000800000000)
  region size 4096K, 3 young (12288K), 3 survivors (12288K)
 Metaspace       used 31376K, committed 31872K, reserved 1114112K
  class space    used 3980K, committed 4224K, reserved 1048576K
}
Event: 1.580 GC heap before
{Heap before GC invocations=5 (full 0):
 garbage-first heap   total 81920K, used 33716K [0x0000000602c00000, 0x0000000800000000)
  region size 4096K, 8 young (32768K), 3 survivors (12288K)
 Metaspace       used 35494K, committed 35968K, reserved 1114112K
  class space    used 4677K, committed 4864K, reserved 1048576K
}
Event: 1.584 GC heap after
{Heap after GC invocations=6 (full 0):
 garbage-first heap   total 81920K, used 18563K [0x0000000602c00000, 0x0000000800000000)
  region size 4096K, 1 young (4096K), 1 survivors (4096K)
 Metaspace       used 35494K, committed 35968K, reserved 1114112K
  class space    used 4677K, committed 4864K, reserved 1048576K
}
Event: 1.597 GC heap before
{Heap before GC invocations=6 (full 0):
 garbage-first heap   total 81920K, used 18563K [0x0000000602c00000, 0x0000000800000000)
  region size 4096K, 2 young (8192K), 1 survivors (4096K)
 Metaspace       used 35806K, committed 36288K, reserved 1114112K
  class space    used 4724K, committed 4928K, reserved 1048576K
}
Event: 1.598 GC heap after
{Heap after GC invocations=7 (full 0):
 garbage-first heap   total 81920K, used 17678K [0x0000000602c00000, 0x0000000800000000)
  region size 4096K, 1 young (4096K), 1 survivors (4096K)
 Metaspace       used 35806K, committed 36288K, reserved 1114112K
  class space    used 4724K, committed 4928K, reserved 1048576K
}
Event: 3.733 GC heap before
{Heap before GC invocations=8 (full 0):
 garbage-first heap   total 81920K, used 54542K [0x0000000602c00000, 0x0000000800000000)
  region size 4096K, 11 young (45056K), 1 survivors (4096K)
 Metaspace       used 52421K, committed 52992K, reserved 1114112K
  class space    used 6831K, committed 7104K, reserved 1048576K
}
Event: 3.735 GC heap after
{Heap after GC invocations=9 (full 0):
 garbage-first heap   total 303104K, used 20893K [0x0000000602c00000, 0x0000000800000000)
  region size 4096K, 2 young (8192K), 2 survivors (8192K)
 Metaspace       used 52421K, committed 52992K, reserved 1114112K
  class space    used 6831K, committed 7104K, reserved 1048576K
}
Event: 4.311 GC heap before
{Heap before GC invocations=9 (full 0):
 garbage-first heap   total 303104K, used 49565K [0x0000000602c00000, 0x0000000800000000)
  region size 4096K, 10 young (40960K), 2 survivors (8192K)
 Metaspace       used 60162K, committed 60736K, reserved 1114112K
  class space    used 7992K, committed 8256K, reserved 1048576K
}
Event: 4.314 GC heap after
{Heap after GC invocations=10 (full 0):
 garbage-first heap   total 303104K, used 23170K [0x0000000602c00000, 0x0000000800000000)
  region size 4096K, 2 young (8192K), 2 survivors (8192K)
 Metaspace       used 60162K, committed 60736K, reserved 1114112K
  class space    used 7992K, committed 8256K, reserved 1048576K
}
Event: 8929.615 GC heap before
{Heap before GC invocations=11 (full 0):
 garbage-first heap   total 110592K, used 105090K [0x0000000602c00000, 0x0000000800000000)
  region size 4096K, 22 young (90112K), 2 survivors (8192K)
 Metaspace       used 64857K, committed 65536K, reserved 1114112K
  class space    used 8603K, committed 8896K, reserved 1048576K
}
Event: 8929.647 GC heap after
{Heap after GC invocations=12 (full 0):
 garbage-first heap   total 122880K, used 28513K [0x0000000602c00000, 0x0000000800000000)
  region size 4096K, 3 young (12288K), 3 survivors (12288K)
 Metaspace       used 64857K, committed 65536K, reserved 1114112K
  class space    used 8603K, committed 8896K, reserved 1048576K
}

Dll operation events (11 events):
Event: 0.004 Loaded shared library C:\Program Files\Java\jdk-21\bin\java.dll
Event: 0.022 Loaded shared library C:\Program Files\Java\jdk-21\bin\jsvml.dll
Event: 0.045 Loaded shared library C:\Program Files\Java\jdk-21\bin\net.dll
Event: 0.046 Loaded shared library C:\Program Files\Java\jdk-21\bin\nio.dll
Event: 0.048 Loaded shared library C:\Program Files\Java\jdk-21\bin\zip.dll
Event: 0.091 Loaded shared library C:\Program Files\Java\jdk-21\bin\jimage.dll
Event: 0.534 Loaded shared library C:\Program Files\Java\jdk-21\bin\sunmscapi.dll
Event: 1.180 Loaded shared library C:\Program Files\Java\jdk-21\bin\management.dll
Event: 1.181 Loaded shared library C:\Program Files\Java\jdk-21\bin\management_ext.dll
Event: 1.471 Loaded shared library C:\Program Files\Java\jdk-21\bin\verify.dll
Event: 1.658 Loaded shared library C:\Program Files\Java\jdk-21\bin\extnet.dll

Deoptimization events (20 events):
Event: 14236.811 Thread 0x0000023be8a6b3f0 DEOPT PACKING pc=0x0000023b88eb8caa sp=0x00000079957fdb70
Event: 14236.811 Thread 0x0000023be8a6b3f0 DEOPT UNPACKING pc=0x0000023b8f844e42 sp=0x00000079957fd048 mode 0
Event: 14240.727 Thread 0x0000023be8a6b3f0 Uncommon trap: trap_request=0xffffffbe fr.pc=0x0000023b903bcb24 relative=0x0000000000001ac4
Event: 14240.727 Thread 0x0000023be8a6b3f0 Uncommon trap: reason=profile_predicate action=maybe_recompile pc=0x0000023b903bcb24 method=com.sun.crypto.provider.AESCrypt.makeSessionKey([B)V @ 538 c2
Event: 14240.727 Thread 0x0000023be8a6b3f0 DEOPT PACKING pc=0x0000023b903bcb24 sp=0x00000079957fdeb0
Event: 14240.727 Thread 0x0000023be8a6b3f0 DEOPT UNPACKING pc=0x0000023b8f8446a2 sp=0x00000079957fde28 mode 2
Event: 14240.727 Thread 0x0000023be8a6b3f0 Uncommon trap: trap_request=0xffffffbe fr.pc=0x0000023b903bcb24 relative=0x0000000000001ac4
Event: 14240.727 Thread 0x0000023be8a6b3f0 Uncommon trap: reason=profile_predicate action=maybe_recompile pc=0x0000023b903bcb24 method=com.sun.crypto.provider.AESCrypt.makeSessionKey([B)V @ 538 c2
Event: 14240.727 Thread 0x0000023be8a6b3f0 DEOPT PACKING pc=0x0000023b903bcb24 sp=0x00000079957fd960
Event: 14240.727 Thread 0x0000023be8a6b3f0 DEOPT UNPACKING pc=0x0000023b8f8446a2 sp=0x00000079957fd8d8 mode 2
Event: 14240.728 Thread 0x0000023be8a6b3f0 Uncommon trap: trap_request=0xffffffbe fr.pc=0x0000023b903bcb24 relative=0x0000000000001ac4
Event: 14240.728 Thread 0x0000023be8a6b3f0 Uncommon trap: reason=profile_predicate action=maybe_recompile pc=0x0000023b903bcb24 method=com.sun.crypto.provider.AESCrypt.makeSessionKey([B)V @ 538 c2
Event: 14240.728 Thread 0x0000023be8a6b3f0 DEOPT PACKING pc=0x0000023b903bcb24 sp=0x00000079957fe150
Event: 14240.728 Thread 0x0000023be8a6b3f0 DEOPT UNPACKING pc=0x0000023b8f8446a2 sp=0x00000079957fe0c8 mode 2
Event: 14240.862 Thread 0x0000023be8a6b3f0 Uncommon trap: trap_request=0xffffffbe fr.pc=0x0000023b903bcb24 relative=0x0000000000001ac4
Event: 14240.862 Thread 0x0000023be8a6b3f0 Uncommon trap: reason=profile_predicate action=maybe_recompile pc=0x0000023b903bcb24 method=com.sun.crypto.provider.AESCrypt.makeSessionKey([B)V @ 538 c2
Event: 14240.862 Thread 0x0000023be8a6b3f0 DEOPT PACKING pc=0x0000023b903bcb24 sp=0x00000079957fdce0
Event: 14240.862 Thread 0x0000023be8a6b3f0 DEOPT UNPACKING pc=0x0000023b8f8446a2 sp=0x00000079957fdc58 mode 2
Event: 15999.855 Thread 0x0000023be8a699b0 DEOPT PACKING pc=0x0000023b88d4aa0d sp=0x00000079957fda00
Event: 15999.855 Thread 0x0000023be8a699b0 DEOPT UNPACKING pc=0x0000023b8f844e42 sp=0x00000079957fce88 mode 0

Classes loaded (20 events):
Event: 4.702 Loading class java/nio/channels/spi/AbstractSelector$1
Event: 4.702 Loading class java/nio/channels/spi/AbstractSelector$1 done
Event: 4.704 Loading class java/util/TreeMap$ValueSpliterator
Event: 4.704 Loading class java/util/TreeMap$TreeMapSpliterator
Event: 4.704 Loading class java/util/TreeMap$TreeMapSpliterator done
Event: 4.704 Loading class java/util/TreeMap$ValueSpliterator done
Event: 4.715 Loading class java/util/IdentityHashMap$KeySpliterator
Event: 4.715 Loading class java/util/IdentityHashMap$IdentityHashMapSpliterator
Event: 4.715 Loading class java/util/IdentityHashMap$IdentityHashMapSpliterator done
Event: 4.715 Loading class java/util/IdentityHashMap$KeySpliterator done
Event: 4.810 Loading class java/lang/foreign/MemorySegment
Event: 4.810 Loading class java/lang/foreign/MemorySegment done
Event: 1771.319 Loading class sun/security/ssl/Alert
Event: 1771.320 Loading class sun/security/ssl/Alert done
Event: 1771.322 Loading class sun/security/ssl/Alert$AlertConsumer
Event: 1771.322 Loading class sun/security/ssl/Alert$AlertConsumer done
Event: 1771.323 Loading class sun/security/ssl/Alert$Level
Event: 1771.323 Loading class sun/security/ssl/Alert$Level done
Event: 1781.019 Loading class sun/net/ConnectionResetException
Event: 1781.019 Loading class sun/net/ConnectionResetException done

Classes unloaded (0 events):
No events

Classes redefined (0 events):
No events

Internal exceptions (20 events):
Event: 1781.019 Thread 0x0000023be9f98390 Exception <a 'java/io/IOException'{0x00000006064925c8}> (0x00000006064925c8) 
thrown [s\open\src\hotspot\share\prims\jni.cpp, line 520]
Event: 1781.565 Thread 0x0000023be9f98390 Exception <a 'java/io/IOException'{0x0000000606494d80}> (0x0000000606494d80) 
thrown [s\open\src\hotspot\share\prims\jni.cpp, line 520]
Event: 1803.368 Thread 0x0000023bece14b10 Exception <a 'java/io/IOException'{0x00000006067ed5a8}> (0x00000006067ed5a8) 
thrown [s\open\src\hotspot\share\prims\jni.cpp, line 520]
Event: 3538.477 Thread 0x0000023be9f98390 Exception <a 'java/io/IOException'{0x00000006061b00f8}> (0x00000006061b00f8) 
thrown [s\open\src\hotspot\share\prims\jni.cpp, line 520]
Event: 3556.819 Thread 0x0000023be9f98390 Exception <a 'java/io/IOException'{0x0000000605c91240}> (0x0000000605c91240) 
thrown [s\open\src\hotspot\share\prims\jni.cpp, line 520]
Event: 3557.325 Thread 0x0000023be9f98390 Exception <a 'java/io/IOException'{0x0000000605c93238}> (0x0000000605c93238) 
thrown [s\open\src\hotspot\share\prims\jni.cpp, line 520]
Event: 3578.233 Thread 0x0000023be9f98390 Exception <a 'java/io/IOException'{0x0000000605f5f618}> (0x0000000605f5f618) 
thrown [s\open\src\hotspot\share\prims\jni.cpp, line 520]
Event: 3587.161 Thread 0x0000023be8a6db50 Exception <a 'java/io/IOException'{0x0000000605924870}> (0x0000000605924870) 
thrown [s\open\src\hotspot\share\prims\jni.cpp, line 520]
Event: 5299.679 Thread 0x0000023be8a699b0 Exception <a 'java/io/IOException'{0x0000000605bc8998}> (0x0000000605bc8998) 
thrown [s\open\src\hotspot\share\prims\jni.cpp, line 520]
Event: 5341.058 Thread 0x0000023be8a6db50 Exception <a 'java/io/IOException'{0x00000006056cecb8}> (0x00000006056cecb8) 
thrown [s\open\src\hotspot\share\prims\jni.cpp, line 520]
Event: 5359.492 Thread 0x0000023be8a6ce30 Exception <a 'java/io/IOException'{0x00000006051b49b0}> (0x00000006051b49b0) 
thrown [s\open\src\hotspot\share\prims\jni.cpp, line 520]
Event: 5372.831 Thread 0x0000023be8a6a6d0 Exception <a 'java/io/IOException'{0x0000000605361ac0}> (0x0000000605361ac0) 
thrown [s\open\src\hotspot\share\prims\jni.cpp, line 520]
Event: 5381.705 Thread 0x0000023bea919260 Implicit null exception at 0x0000023b9036ddcd to 0x0000023b9036e0ac
Event: 5382.705 Thread 0x0000023bea919260 Implicit null exception at 0x0000023b9036ddcd to 0x0000023b9036e0ac
Event: 5383.705 Thread 0x0000023bea919260 Implicit null exception at 0x0000023b9036ddcd to 0x0000023b9036e0ac
Event: 5384.705 Thread 0x0000023bea919260 Implicit null exception at 0x0000023b9036ddcd to 0x0000023b9036e0ac
Event: 7092.312 Thread 0x0000023be8a6a6d0 Exception <a 'java/io/IOException'{0x0000000604fafed0}> (0x0000000604fafed0) 
thrown [s\open\src\hotspot\share\prims\jni.cpp, line 520]
Event: 8878.495 Thread 0x0000023be8a6c7a0 Exception <a 'java/io/IOException'{0x00000006047ed7f0}> (0x00000006047ed7f0) 
thrown [s\open\src\hotspot\share\prims\jni.cpp, line 520]
Event: 8916.476 Thread 0x0000023be8a6d4c0 Exception <a 'java/io/IOException'{0x00000006032cf4a8}> (0x00000006032cf4a8) 
thrown [s\open\src\hotspot\share\prims\jni.cpp, line 520]
Event: 8929.614 Thread 0x0000023be8a6db50 Exception <a 'java/io/IOException'{0x00000006033ee060}> (0x00000006033ee060) 
thrown [s\open\src\hotspot\share\prims\jni.cpp, line 520]

ZGC Phase Switch (0 events):
No events

VM Operations (20 events):
Event: 14223.366 Executing VM operation: Cleanup
Event: 14223.366 Executing VM operation: Cleanup done
Event: 14229.369 Executing VM operation: Cleanup
Event: 14229.369 Executing VM operation: Cleanup done
Event: 14233.372 Executing VM operation: Cleanup
Event: 14233.372 Executing VM operation: Cleanup done
Event: 14234.373 Executing VM operation: Cleanup
Event: 14234.373 Executing VM operation: Cleanup done
Event: 14237.375 Executing VM operation: Cleanup
Event: 14237.375 Executing VM operation: Cleanup done
Event: 14241.377 Executing VM operation: Cleanup
Event: 14241.377 Executing VM operation: Cleanup done
Event: 14260.387 Executing VM operation: Cleanup
Event: 14260.387 Executing VM operation: Cleanup done
Event: 14313.413 Executing VM operation: Cleanup
Event: 14313.413 Executing VM operation: Cleanup done
Event: 15564.044 Executing VM operation: Cleanup
Event: 15564.044 Executing VM operation: Cleanup done
Event: 15995.259 Executing VM operation: Cleanup
Event: 15995.259 Executing VM operation: Cleanup done

Events (20 events):
Event: 14263.342 Thread 0x0000023be8a68c90 Thread exited: 0x0000023be8a68c90
Event: 14265.292 Thread 0x0000023be8a69320 Thread exited: 0x0000023be8a69320
Event: 14294.672 Thread 0x0000023be8a67250 Thread added: 0x0000023be8a67250
Event: 14294.813 Thread 0x0000023be8a6c110 Thread added: 0x0000023be8a6c110
Event: 14299.814 Thread 0x0000023be8a67250 Thread exited: 0x0000023be8a67250
Event: 14300.957 Thread 0x0000023be8a6c110 Thread exited: 0x0000023be8a6c110
Event: 15981.180 Thread 0x0000023be8a6a6d0 Thread added: 0x0000023be8a6a6d0
Event: 15981.331 Thread 0x0000023be8a67250 Thread added: 0x0000023be8a67250
Event: 15986.331 Thread 0x0000023be8a6a6d0 Thread exited: 0x0000023be8a6a6d0
Event: 15987.410 Thread 0x0000023be8a68600 Thread added: 0x0000023be8a68600
Event: 15987.490 Thread 0x0000023be8a67250 Thread exited: 0x0000023be8a67250
Event: 15987.549 Thread 0x0000023be8a6b3f0 Thread added: 0x0000023be8a6b3f0
Event: 15992.550 Thread 0x0000023be8a68600 Thread exited: 0x0000023be8a68600
Event: 15993.719 Thread 0x0000023be8a6b3f0 Thread exited: 0x0000023be8a6b3f0
Event: 15994.818 Thread 0x0000023be8a6d4c0 Thread added: 0x0000023be8a6d4c0
Event: 15994.954 Thread 0x0000023be8a699b0 Thread added: 0x0000023be8a699b0
Event: 16003.802 Thread 0x0000023be8a6d4c0 Thread exited: 0x0000023be8a6d4c0
Event: 16005.564 Thread 0x0000023be8a699b0 Thread exited: 0x0000023be8a699b0
Event: 16009.039 Thread 0x0000023be8a699b0 Thread added: 0x0000023be8a699b0
Event: 16009.177 Thread 0x0000023be8a6ad60 Thread added: 0x0000023be8a6ad60


Dynamic libraries:
0x00007ff61d4c0000 - 0x00007ff61d4d0000 	C:\Program Files\Java\jdk-21\bin\java.exe
0x00007fff4be10000 - 0x00007fff4c027000 	C:\WINDOWS\SYSTEM32\ntdll.dll
0x00007fff4aac0000 - 0x00007fff4ab84000 	C:\WINDOWS\System32\KERNEL32.DLL
0x00007fff49750000 - 0x00007fff49b07000 	C:\WINDOWS\System32\KERNELBASE.dll
0x00007fff49260000 - 0x00007fff49371000 	C:\WINDOWS\System32\ucrtbase.dll
0x00007fff45c40000 - 0x00007fff45c59000 	C:\Program Files\Java\jdk-21\bin\jli.dll
0x00007fff43790000 - 0x00007fff437ab000 	C:\Program Files\Java\jdk-21\bin\VCRUNTIME140.dll
0x00007fff4ad90000 - 0x00007fff4ae42000 	C:\WINDOWS\System32\ADVAPI32.dll
0x00007fff4a190000 - 0x00007fff4a237000 	C:\WINDOWS\System32\msvcrt.dll
0x00007fff4ac90000 - 0x00007fff4ad38000 	C:\WINDOWS\System32\sechost.dll
0x00007fff491c0000 - 0x00007fff491e8000 	C:\WINDOWS\System32\bcrypt.dll
0x00007fff4a590000 - 0x00007fff4a6a4000 	C:\WINDOWS\System32\RPCRT4.dll
0x00007fff4ae50000 - 0x00007fff4afff000 	C:\WINDOWS\System32\USER32.dll
0x00007fff49b10000 - 0x00007fff49b36000 	C:\WINDOWS\System32\win32u.dll
0x00007fff39640000 - 0x00007fff398d3000 	C:\WINDOWS\WinSxS\amd64_microsoft.windows.common-controls_6595b64144ccf1df_6.0.22621.3672_none_2713b9d173822955\COMCTL32.dll
0x00007fff49d00000 - 0x00007fff49d29000 	C:\WINDOWS\System32\GDI32.dll
0x00007fff49630000 - 0x00007fff49748000 	C:\WINDOWS\System32\gdi32full.dll
0x00007fff49120000 - 0x00007fff491ba000 	C:\WINDOWS\System32\msvcp_win.dll
0x00007fff41100000 - 0x00007fff4110a000 	C:\WINDOWS\SYSTEM32\VERSION.dll
0x00007fff4ad50000 - 0x00007fff4ad81000 	C:\WINDOWS\System32\IMM32.DLL
0x00007fff45c30000 - 0x00007fff45c3c000 	C:\Program Files\Java\jdk-21\bin\vcruntime140_1.dll
0x00007fff1b140000 - 0x00007fff1b1ce000 	C:\Program Files\Java\jdk-21\bin\msvcp140.dll
0x00007ffee6a60000 - 0x00007ffee7777000 	C:\Program Files\Java\jdk-21\bin\server\jvm.dll
0x00007fff4aa40000 - 0x00007fff4aab1000 	C:\WINDOWS\System32\WS2_32.dll
0x00007fff485e0000 - 0x00007fff4862d000 	C:\WINDOWS\SYSTEM32\POWRPROF.dll
0x00007fff3d470000 - 0x00007fff3d4a4000 	C:\WINDOWS\SYSTEM32\WINMM.dll
0x00007fff485c0000 - 0x00007fff485d3000 	C:\WINDOWS\SYSTEM32\UMPDC.dll
0x00007fff48110000 - 0x00007fff48128000 	C:\WINDOWS\SYSTEM32\kernel.appcore.dll
0x00007fff451b0000 - 0x00007fff451ba000 	C:\Program Files\Java\jdk-21\bin\jimage.dll
0x00007fff3b330000 - 0x00007fff3b562000 	C:\WINDOWS\SYSTEM32\DBGHELP.DLL
0x00007fff4a6b0000 - 0x00007fff4aa3e000 	C:\WINDOWS\System32\combase.dll
0x00007fff4b870000 - 0x00007fff4b947000 	C:\WINDOWS\System32\OLEAUT32.dll
0x00007fff31500000 - 0x00007fff31532000 	C:\WINDOWS\SYSTEM32\dbgcore.DLL
0x00007fff49440000 - 0x00007fff494bb000 	C:\WINDOWS\System32\bcryptPrimitives.dll
0x00007fff42c50000 - 0x00007fff42c6f000 	C:\Program Files\Java\jdk-21\bin\java.dll
0x00007fff4b000000 - 0x00007fff4b869000 	C:\WINDOWS\System32\SHELL32.dll
0x00007fff47090000 - 0x00007fff4798f000 	C:\WINDOWS\SYSTEM32\windows.storage.dll
0x00007fff46f50000 - 0x00007fff4708f000 	C:\WINDOWS\SYSTEM32\wintypes.dll
0x00007fff4a090000 - 0x00007fff4a189000 	C:\WINDOWS\System32\SHCORE.dll
0x00007fff4ac30000 - 0x00007fff4ac8e000 	C:\WINDOWS\System32\shlwapi.dll
0x00007fff49050000 - 0x00007fff49077000 	C:\WINDOWS\SYSTEM32\profapi.dll
0x00007fff05950000 - 0x00007fff05a27000 	C:\Program Files\Java\jdk-21\bin\jsvml.dll
0x00007fff45190000 - 0x00007fff451a0000 	C:\Program Files\Java\jdk-21\bin\net.dll
0x00007fff45e50000 - 0x00007fff45f86000 	C:\WINDOWS\SYSTEM32\WINHTTP.dll
0x00007fff486d0000 - 0x00007fff48739000 	C:\WINDOWS\system32\mswsock.dll
0x00007fff34270000 - 0x00007fff34286000 	C:\Program Files\Java\jdk-21\bin\nio.dll
0x00007fff33d80000 - 0x00007fff33d98000 	C:\Program Files\Java\jdk-21\bin\zip.dll
0x00007fff42c40000 - 0x00007fff42c4e000 	C:\Program Files\Java\jdk-21\bin\sunmscapi.dll
0x00007fff494c0000 - 0x00007fff49626000 	C:\WINDOWS\System32\CRYPT32.dll
0x00007fff48ac0000 - 0x00007fff48aed000 	C:\WINDOWS\SYSTEM32\ncrypt.dll
0x00007fff48a80000 - 0x00007fff48ab7000 	C:\WINDOWS\SYSTEM32\NTASN1.dll
0x00007fff48920000 - 0x00007fff4893b000 	C:\WINDOWS\SYSTEM32\CRYPTSP.dll
0x00007fff480d0000 - 0x00007fff48105000 	C:\WINDOWS\system32\rsaenh.dll
0x00007fff487c0000 - 0x00007fff487e8000 	C:\WINDOWS\SYSTEM32\USERENV.dll
0x00007fff48940000 - 0x00007fff4894c000 	C:\WINDOWS\SYSTEM32\CRYPTBASE.dll
0x00007fff47bf0000 - 0x00007fff47c1d000 	C:\WINDOWS\SYSTEM32\IPHLPAPI.DLL
0x00007fff4ac20000 - 0x00007fff4ac29000 	C:\WINDOWS\System32\NSI.dll
0x00007fff42b30000 - 0x00007fff42b3a000 	C:\Program Files\Java\jdk-21\bin\management.dll
0x00007fff34220000 - 0x00007fff3422b000 	C:\Program Files\Java\jdk-21\bin\management_ext.dll
0x00007fff4a4d0000 - 0x00007fff4a4d8000 	C:\WINDOWS\System32\PSAPI.DLL
0x00007fff341f0000 - 0x00007fff34200000 	C:\Program Files\Java\jdk-21\bin\verify.dll
0x00007fff33ff0000 - 0x00007fff33ff9000 	C:\Program Files\Java\jdk-21\bin\extnet.dll
0x00007fff19f30000 - 0x00007fff19f38000 	C:\WINDOWS\system32\wshunix.dll

dbghelp: loaded successfully - version: 4.0.5 - missing functions: none
symbol engine: initialized successfully - sym options: 0x614 - pdb path: .;C:\Program Files\Java\jdk-21\bin;C:\WINDOWS\SYSTEM32;C:\WINDOWS\WinSxS\amd64_microsoft.windows.common-controls_6595b64144ccf1df_6.0.22621.3672_none_2713b9d173822955;C:\Program Files\Java\jdk-21\bin\server

VM Arguments:
jvm_args: -XX:+ShowCodeDetailsInExceptionMessages 
java_command: com.miumg.fmontiel.eventos.eventos.EventosApplication
java_class_path (initial): C:\Users\PC\Documents\eventos-proyect\eventos\target\classes;C:\Users\PC\.m2\repository\org\springframework\boot\spring-boot-starter-data-jpa\3.3.5\spring-boot-starter-data-jpa-3.3.5.jar;C:\Users\PC\.m2\repository\org\springframework\boot\spring-boot-starter-aop\3.3.5\spring-boot-starter-aop-3.3.5.jar;C:\Users\PC\.m2\repository\org\springframework\spring-aop\6.1.14\spring-aop-6.1.14.jar;C:\Users\PC\.m2\repository\org\aspectj\aspectjweaver\1.9.22.1\aspectjweaver-1.9.22.1.jar;C:\Users\PC\.m2\repository\org\springframework\boot\spring-boot-starter-jdbc\3.3.5\spring-boot-starter-jdbc-3.3.5.jar;C:\Users\PC\.m2\repository\com\zaxxer\HikariCP\5.1.0\HikariCP-5.1.0.jar;C:\Users\PC\.m2\repository\org\springframework\spring-jdbc\6.1.14\spring-jdbc-6.1.14.jar;C:\Users\PC\.m2\repository\org\hibernate\orm\hibernate-core\6.5.3.Final\hibernate-core-6.5.3.Final.jar;C:\Users\PC\.m2\repository\jakarta\persistence\jakarta.persistence-api\3.1.0\jakarta.persistence-api-3.1.0.jar;C:\Users\PC\.m2\repository\jakarta\transaction\jakarta.transaction-api\2.0.1\jakarta.transaction-api-2.0.1.jar;C:\Users\PC\.m2\repository\org\jboss\logging\jboss-logging\3.5.3.Final\jboss-logging-3.5.3.Final.jar;C:\Users\PC\.m2\repository\org\hibernate\common\hibernate-commons-annotations\6.0.6.Final\hibernate-commons-annotations-6.0.6.Final.jar;C:\Users\PC\.m2\repository\io\smallrye\jandex\3.1.2\jandex-3.1.2.jar;C:\Users\PC\.m2\repository\com\fasterxml\classmate\1.7.0\classmate-1.7.0.jar;C:\Users\PC\.m2\repository\net\bytebuddy\byte-buddy\1.14.19\byte-buddy-1.14.19.jar;C:\Users\PC\.m2\repository\org\glassfish\jaxb\jaxb-runtime\4.0.5\jaxb-runtime-4.0.5.jar;C:\Users\PC\.m2\repository\org\glassfish\jaxb\jaxb-core\4.0.5\jaxb-core-4.0.5.jar;C:\Users\PC\.m2\repository\org\eclipse\angus\angus-activation\2.0.2\angus-activation-2.0.2.jar;C:\Users\PC\.m2\repository\org\glassfish\jaxb\txw2\4.0.5\txw2-4.0.5.jar;C:\Users\PC\.m2\repository\com\sun\istack\istack-commons-runtime\4.1.2\istack-commons-runtime-4.1.2.jar;C:\Users\PC\.m2\repository\jakarta\inject\jakarta.inject-api\2.0.1\jakarta.inject-api-2.0.1.jar;C:\Users\PC\.m2\repository\org\antlr\antlr4-runtime\4.13.0\antlr4-runtime-4.13.0.jar;C:\Users\PC\.m2\repository\org\springframework\data\spring-data-jpa\3.3.5\spring-data-jpa-3.3.5.jar;C:\Users\PC\.m2\repository\org\springframework\data\spring-data-commons\3.3.5\spring-data-commons-3.3.5.jar;C:\Users\PC\.m2\repository\org\springframework\spring-orm\6.1.14\spring-orm-6.1.14.jar;C:\Users\PC\.m2\repository\org\springframework\spring-context\6.1.14\spring-context-6.1.14.jar;C:\Users\PC\.m2\repository\org\springframework\spring-tx\6.1.14\spring-tx-6.1.14.jar;C:\Users\PC\.m2\repository\org\springframework\spring-beans\6.1.14\spring-beans-6.1.14.jar;C:\Users\PC\.m2\repository\jakarta\annotation\jakarta.annotation-api\2.1.1\jakarta.annotation-api-2.1.1.jar;C:\Users\PC\.m2\repository\org\slf4j\slf4j-api\2.0.16\slf4j-api-2.0.16.jar;C:\Users\PC\.m2\repository\org\springframework\spring-aspects\6.1.14\spring-aspects-6.1.14.jar;C:\Users\PC\.m2\repository\org\springframework\boot\spring-boot-starter-web\3.3.5\spring-boot-starter-web-3.3.5.jar;C:\Users\PC\.m2\repository\org\springframework\boot\spring-boot-starter\3.3.5\spring-boot-starter-3.3.5.jar;C:\Users\PC\.m2\repository\org\springframework\boot\spring-boot\3.3.5\spring-boot-3.3.5.jar;C:\Users\PC\.m2\repository\org\springframework\boot\spring-boot-autoconfigure\3.3.5\spring-boot-autoconfigure-3.3.5.jar;C:\Users\PC\.m2\repository\org\springframework\boot\spring-boot-starter-logging\3.3.5\spring-boot-starter-logging-3.3.5.jar;C:\Users\PC\.m2\repository\ch\qos\logback\logback-classic\1.5.11\logback-classic-1.5.11.jar;C:\Users\PC\.m2\repository\ch\qos\logback\logback-core\1.5.11\logback-core-1.5.11.jar;C:\Users\PC\.m2\repository\org\apache\logging\log4j\log4j-to-slf4j\2.23.1\log4j-to-slf4j-2.23.1.jar;C:\Users\PC\.m2\repository\org\apache\logging\log4j\log4j-api\2.23.1\log4j-api-2.23.1.jar;C:\Users\PC\.m2\repository\org\slf4j\jul-to-slf4j\2.0.16\jul-to-slf4j-2.0.16.jar;C:\Users\PC\.m2\repository\org\yaml\snakeyaml\2.2\snakeyaml-2.2.jar;C:\Users\PC\.m2\repository\org\springframework\boot\spring-boot-starter-json\3.3.5\spring-boot-starter-json-3.3.5.jar;C:\Users\PC\.m2\repository\com\fasterxml\jackson\core\jackson-databind\2.17.2\jackson-databind-2.17.2.jar;C:\Users\PC\.m2\repository\com\fasterxml\jackson\core\jackson-annotations\2.17.2\jackson-annotations-2.17.2.jar;C:\Users\PC\.m2\repository\com\fasterxml\jackson\core\jackson-core\2.17.2\jackson-core-2.17.2.jar;C:\Users\PC\.m2\repository\com\fasterxml\jackson\datatype\jackson-datatype-jdk8\2.17.2\jackson-datatype-jdk8-2.17.2.jar;C:\Users\PC\.m2\repository\com\fasterxml\jackson\datatype\jackson-datatype-jsr310\2.17.2\jackson-datatype-jsr310-2.17.2.jar;C:\Users\PC\.m2\repository\com\fasterxml\jackson\module\jackson-module-parameter-names\2.17.2\jackson-module-parameter-names-2.17.2.jar;C:\Users\PC\.m2\repository\org\springframework\boot\spring-boot-starter-tomcat\3.3.5\spring-boot-starter-tomcat-3.3.5.jar;C:\Users\PC\.m2\repository\org\apache\tomcat\embed\tomcat-embed-core\10.1.31\tomcat-embed-core-10.1.31.jar;C:\Users\PC\.m2\repository\org\apache\tomcat\embed\tomcat-embed-el\10.1.31\tomcat-embed-el-10.1.31.jar;C:\Users\PC\.m2\repository\org\apache\tomcat\embed\tomcat-embed-websocket\10.1.31\tomcat-embed-websocket-10.1.31.jar;C:\Users\PC\.m2\repository\org\springframework\spring-web\6.1.14\spring-web-6.1.14.jar;C:\Users\PC\.m2\repository\io\micrometer\micrometer-observation\1.13.6\micrometer-observation-1.13.6.jar;C:\Users\PC\.m2\repository\io\micrometer\micrometer-commons\1.13.6\micrometer-commons-1.13.6.jar;C:\Users\PC\.m2\repository\org\springframework\spring-webmvc\6.1.14\spring-webmvc-6.1.14.jar;C:\Users\PC\.m2\repository\org\springframework\spring-expression\6.1.14\spring-expression-6.1.14.jar;C:\Users\PC\.m2\repository\com\mysql\mysql-connector-j\8.3.0\mysql-connector-j-8.3.0.jar;C:\Users\PC\.m2\repository\jakarta\xml\bind\jakarta.xml.bind-api\4.0.2\jakarta.xml.bind-api-4.0.2.jar;C:\Users\PC\.m2\repository\jakarta\activation\jakarta.activation-api\2.1.3\jakarta.activation-api-2.1.3.jar;C:\Users\PC\.m2\repository\org\springframework\spring-core\6.1.14\spring-core-6.1.14.jar;C:\Users\PC\.m2\repository\org\springframework\spring-jcl\6.1.14\spring-jcl-6.1.14.jar;C:\Users\PC\.m2\repository\io\jsonwebtoken\jjwt\0.12.6\jjwt-0.12.6.jar;C:\Users\PC\.m2\repository\io\jsonwebtoken\jjwt-api\0.12.6\jjwt-api-0.12.6.jar;C:\Users\PC\.m2\repository\io\jsonwebtoken\jjwt-impl\0.12.6\jjwt-impl-0.12.6.jar;C:\Users\PC\.m2\repository\io\jsonwebtoken\jjwt-jackson\0.12.6\jjwt-jackson-0.12.6.jar;C:\Users\PC\.m2\repository\at\favre\lib\bcrypt\0.10.2\bcrypt-0.10.2.jar;C:\Users\PC\.m2\repository\at\favre\lib\bytes\1.5.0\bytes-1.5.0.jar
Launcher Type: SUN_STANDARD

[Global flags]
     intx CICompilerCount                          = 12                                        {product} {ergonomic}
     uint ConcGCThreads                            = 4                                         {product} {ergonomic}
     uint G1ConcRefinementThreads                  = 15                                        {product} {ergonomic}
   size_t G1HeapRegionSize                         = 4194304                                   {product} {ergonomic}
    uintx GCDrainStackTargetSize                   = 64                                        {product} {ergonomic}
   size_t InitialHeapSize                          = 536870912                                 {product} {ergonomic}
   size_t MarkStackSize                            = 4194304                                   {product} {ergonomic}
   size_t MaxHeapSize                              = 8543797248                                {product} {ergonomic}
   size_t MaxNewSize                               = 5125439488                                {product} {ergonomic}
   size_t MinHeapDeltaBytes                        = 4194304                                   {product} {ergonomic}
   size_t MinHeapSize                              = 8388608                                   {product} {ergonomic}
    uintx NonNMethodCodeHeapSize                   = 7602480                                {pd product} {ergonomic}
    uintx NonProfiledCodeHeapSize                  = 122027880                              {pd product} {ergonomic}
    uintx ProfiledCodeHeapSize                     = 122027880                              {pd product} {ergonomic}
    uintx ReservedCodeCacheSize                    = 251658240                              {pd product} {ergonomic}
     bool SegmentedCodeCache                       = true                                      {product} {ergonomic}
     bool ShowCodeDetailsInExceptionMessages       = true                                   {manageable} {command line}
   size_t SoftMaxHeapSize                          = 8543797248                             {manageable} {ergonomic}
     bool UseCompressedOops                        = true                           {product lp64_product} {ergonomic}
     bool UseG1GC                                  = true                                      {product} {ergonomic}
     bool UseLargePagesIndividualAllocation        = false                                  {pd product} {ergonomic}

Logging:
Log output configuration:
 #0: stdout all=warning uptime,level,tags foldmultilines=false
 #1: stderr all=off uptime,level,tags foldmultilines=false

Environment Variables:
PATH=C:\Program Files\NVIDIA GPU Computing Toolkit\CUDA\v12.6\bin;C:\Program Files\NVIDIA GPU Computing Toolkit\CUDA\v12.6\libnvvp;C:\Python312\Scripts\;C:\Python312\;C:\Program Files\Common Files\Oracle\Java\javapath;C:\Program Files (x86)\Common Files\Oracle\Java\javapath;C:\WINDOWS\system32;C:\WINDOWS;C:\WINDOWS\System32\Wbem;C:\WINDOWS\System32\WindowsPowerShell\v1.0\;C:\WINDOWS\System32\OpenSSH\;C:\Program Files\NVIDIA Corporation\NVIDIA NvDLISR;C:\Program Files\dotnet\;C:\Program Files (x86)\NVIDIA Corporation\PhysX\Common;C:\Program Files\PuTTY\;C:\ProgramData\chocolatey\bin;C:\Users\PC\AppData\Roaming\nvm;C:\Program Files\nodejs;C:\Users\PC\AppData\Local\Android\Sdk\platform-tools;%JAVA_HOME%\bin;C:\Users\PC\AppData\Local\Android\Sdk\emulator;C:\Users\PC\AppData\Local\Android\Sdk\tools;C:\Users\PC\AppData\Local\Android\Sdk\tools\bin;C:\Program Files\Git\cmd;C:\xampp\php;C:\ProgramData\ComposerSetup\bin;C:\flutter\bin;C:\Users\PC\AppData\Local\Pub\Cache\bin;C:\Program Files\NVIDIA Corporation\Nsight Compute 2024.3.2\;C:\Program Files\aria2-1.37.0-win-64bit-build1;C:\Users\PC\AppData\Local\Microsoft\WindowsApps;C:\Users\PC\AppData\Local\Programs\Microsoft VS Code\bin;C:\Users\PC\AppData\Roaming\npm;C:\Users\PC\AppData\Roaming\nvm;C:\Program Files\nodejs;C:\Users\PC\AppData\Local\Microsoft\WinGet\Packages\Genymobile.scrcpy_Microsoft.Winget.Source_8wekyb3d8bbwe\scrcpy-win64-v2.3.1;C:\Users\PC\AppData\Roaming\Composer\vendor\bin;
USERNAME=PC
LANG=en_US.UTF-8
OS=Windows_NT
PROCESSOR_IDENTIFIER=Intel64 Family 6 Model 151 Stepping 2, GenuineIntel
TMP=C:\Users\PC\AppData\Local\Temp
TEMP=C:\Users\PC\AppData\Local\Temp




Periodic native trim disabled

---------------  S Y S T E M  ---------------

OS:
 Windows 11 , 64 bit Build 22621 (10.0.22621.3958)
OS uptime: 5 days 2:01 hours

CPU: total 20 (initial active 20) (10 cores per cpu, 2 threads per core) family 6 model 151 stepping 2 microcode 0x23, cx8, cmov, fxsr, ht, mmx, 3dnowpref, sse, sse2, sse3, ssse3, sse4.1, sse4.2, popcnt, lzcnt, tsc, tscinvbit, avx, avx2, aes, erms, clmul, bmi1, bmi2, adx, sha, fma, vzeroupper, clflush, clflushopt, clwb, serialize, rdtscp, rdpid, fsrm, f16c, pku, cet_ibt, cet_ss
Processor Information for processor 0
  Max Mhz: 3600, Current Mhz: 3600, Mhz Limit: 3600
Processor Information for processor 1
  Max Mhz: 3600, Current Mhz: 3600, Mhz Limit: 3600
Processor Information for processor 2
  Max Mhz: 3600, Current Mhz: 3600, Mhz Limit: 3600
Processor Information for processor 3
  Max Mhz: 3600, Current Mhz: 3600, Mhz Limit: 3600
Processor Information for processor 4
  Max Mhz: 3600, Current Mhz: 3600, Mhz Limit: 3600
Processor Information for processor 5
  Max Mhz: 3600, Current Mhz: 3600, Mhz Limit: 3600
Processor Information for processor 6
  Max Mhz: 3600, Current Mhz: 3600, Mhz Limit: 3600
Processor Information for processor 7
  Max Mhz: 3600, Current Mhz: 3600, Mhz Limit: 3600
Processor Information for processor 8
  Max Mhz: 3600, Current Mhz: 3600, Mhz Limit: 3600
Processor Information for processor 9
  Max Mhz: 3600, Current Mhz: 3600, Mhz Limit: 3600
Processor Information for processor 10
  Max Mhz: 3600, Current Mhz: 3600, Mhz Limit: 3600
Processor Information for processor 11
  Max Mhz: 3600, Current Mhz: 3600, Mhz Limit: 3600
Processor Information for processor 12
  Max Mhz: 3600, Current Mhz: 3600, Mhz Limit: 3600
Processor Information for processor 13
  Max Mhz: 3600, Current Mhz: 3600, Mhz Limit: 3600
Processor Information for processor 14
  Max Mhz: 3600, Current Mhz: 3600, Mhz Limit: 3600
Processor Information for processor 15
  Max Mhz: 3600, Current Mhz: 3600, Mhz Limit: 3600
Processor Information for processor 16
  Max Mhz: 3600, Current Mhz: 2700, Mhz Limit: 2700
Processor Information for processor 17
  Max Mhz: 3600, Current Mhz: 2700, Mhz Limit: 2700
Processor Information for processor 18
  Max Mhz: 3600, Current Mhz: 2700, Mhz Limit: 2700
Processor Information for processor 19
  Max Mhz: 3600, Current Mhz: 2700, Mhz Limit: 2700

Memory: 4k page, system-wide physical 32577M (5898M free)
TotalPageFile size 130881M (AvailPageFile size 0M)
current process WorkingSet (physical memory assigned to process): 73M, peak: 319M
current process commit charge ("private bytes"): 343M, peak: 690M

vm_info: Java HotSpot(TM) 64-Bit Server VM (21.0.2+13-LTS-58) for windows-amd64 JRE (21.0.2+13-LTS-58), built on 2024-01-05T18:32:24Z by "mach5one" with MS VC++ 17.1 (VS2022)

END.
